<?xml version="1.0" encoding="UTF-8"?>
<testsuite name="AppTest" tests="7" skipped="0" failures="0" errors="0" timestamp="2016-01-12T17:26:46" hostname="epicodus-36.local" time="0.007">
  <properties/>
  <testcase name="tamagotchi_returnIsAlive_true" classname="AppTest" time="0.001"/>
  <testcase name="tamagotchi_returnActivityLevel_0" classname="AppTest" time="0.0"/>
  <testcase name="tamagotchi_returnFoodLevel_0" classname="AppTest" time="0.001"/>
  <testcase name="tamagotchi_initiatesObject_true" classname="AppTest" time="0.0"/>
  <testcase name="tamagotchi_returnName_Santa" classname="AppTest" time="0.0"/>
  <testcase name="tamagotchi_returnSleepLevel_0" classname="AppTest" time="0.0"/>
  <testcase name="tamagotchi_returnAge_0" classname="AppTest" time="0.0"/>
  <system-out><![CDATA[]]></system-out>
  <system-err><![CDATA[]]></system-err>
</testsuite>
