<?xml version="1.0" encoding="UTF-8"?>
<testsuite name="AppTest" tests="7" skipped="0" failures="0" errors="0" timestamp="2016-01-12T19:00:41" hostname="epicodus-36.local" time="0.003">
  <properties/>
  <testcase name="tamagotchi_returnIsAlive_true" classname="AppTest" time="0.002"/>
  <testcase name="tamagotchi_returnSleepLevel_10" classname="AppTest" time="0.0"/>
  <testcase name="tamagotchi_initiatesObject_true" classname="AppTest" time="0.0"/>
  <testcase name="tamagotchi_returnName_Santa" classname="AppTest" time="0.0"/>
  <testcase name="tamagotchi_returnActivityLevel_10" classname="AppTest" time="0.0"/>
  <testcase name="tamagotchi_returnFoodLevel_10" classname="AppTest" time="0.0"/>
  <testcase name="tamagotchi_returnAge_0" classname="AppTest" time="0.0"/>
  <system-out><![CDATA[]]></system-out>
  <system-err><![CDATA[]]></system-err>
</testsuite>
