<?xml version="1.0" encoding="UTF-8"?>
<testsuite name="IntegrationTest" tests="1" skipped="0" failures="0" errors="0" timestamp="2016-01-12T18:43:16" hostname="epicodus-36.local" time="0.269">
  <properties/>
  <testcase name="rootTest" classname="IntegrationTest" time="0.269"/>
  <system-out><![CDATA[]]></system-out>
  <system-err><![CDATA[[Thread-5] INFO spark.webserver.SparkServer - == Spark has ignited ...
[Thread-5] INFO spark.webserver.SparkServer - >> Listening on 0.0.0.0:4567
[Thread-5] INFO org.eclipse.jetty.server.Server - jetty-9.0.2.v20130417
[Thread-5] INFO org.eclipse.jetty.server.ServerConnector - Started ServerConnector@1fb469e9{HTTP/1.1}{0.0.0.0:4567}
[Test worker] INFO spark.webserver.SparkServer - >>> Spark shutting down ...
[Test worker] INFO org.eclipse.jetty.server.Server - Graceful shutdown org.eclipse.jetty.server.Server@7d926c1b by 
[Test worker] INFO org.eclipse.jetty.server.ServerConnector - Stopped ServerConnector@1fb469e9{HTTP/1.1}{0.0.0.0:4567}
[Test worker] INFO spark.webserver.SparkServer - done
]]></system-err>
</testsuite>
